*******************************************************************
* Genome-wide Complex Trait Analysis (GCTA)
* version 1.93.1f beta Linux
* (C) 2010-present, The University of Queensland
* Please report bugs to Jian Yang <jian.yang@uq.edu.au>
*******************************************************************
Analysis started at 21:32:16 EDT on Sun Jul 12 2020.
Hostname: snowwhite

Options: 
 
--bfile /net/snowwhite/home/wenjianb/R/x86_64-pc-linux-gnu-library/3.3/POLMM/extdata/nSNPs-10000-nsubj-1000-ext 
--out /net/snowwhite/home/wenjianb/R/x86_64-pc-linux-gnu-library/3.3/POLMM/extdata/SparseGRM/sp-Plink-nSNPs-10000-nsubj-1000-ext-chr-4-minMaf-0.01-maxMissing-0.1 
--chr 4 
--make-grm-part 2 1 
--maf 0.01 
--geno 0.1 
--thread-num 8 

The program will be running on up to 8 threads.
Note: GRM is computed using the SNPs on the autosome.
Reading PLINK FAM file from [/net/snowwhite/home/wenjianb/R/x86_64-pc-linux-gnu-library/3.3/POLMM/extdata/nSNPs-10000-nsubj-1000-ext.fam]...
1000 individuals to be included from FAM file.
1000 individuals to be included. 1000 males, 0 females, 0 unknown.
Reading PLINK BIM file from [/net/snowwhite/home/wenjianb/R/x86_64-pc-linux-gnu-library/3.3/POLMM/extdata/nSNPs-10000-nsubj-1000-ext.bim]...
10000 SNPs to be included from BIM file(s).
469 SNPs to be included from valid chromosome number
Threshold to filter variants: MAF > 0.010000, missingness rate < 0.100000.
Computing the genetic relationship matrix (GRM) v2 ...
Subset 1/2, no. subject 1-639
  639 samples, 469 markers, 204480 GRM elements
IDs for the GRM file has been saved in the file [/net/snowwhite/home/wenjianb/R/x86_64-pc-linux-gnu-library/3.3/POLMM/extdata/SparseGRM/sp-Plink-nSNPs-10000-nsubj-1000-ext-chr-4-minMaf-0.01-maxMissing-0.1.part_2_1.grm.id]
Computing GRM...
  100% finished in 0.0 sec
469 SNPs have been processed.
  Used 469 valid SNPs.
The GRM computation is completed.
Saving GRM...
GRM has been saved in the file [/net/snowwhite/home/wenjianb/R/x86_64-pc-linux-gnu-library/3.3/POLMM/extdata/SparseGRM/sp-Plink-nSNPs-10000-nsubj-1000-ext-chr-4-minMaf-0.01-maxMissing-0.1.part_2_1.grm.bin]
Number of SNPs in each pair of individuals has been saved in the file [/net/snowwhite/home/wenjianb/R/x86_64-pc-linux-gnu-library/3.3/POLMM/extdata/SparseGRM/sp-Plink-nSNPs-10000-nsubj-1000-ext-chr-4-minMaf-0.01-maxMissing-0.1.part_2_1.grm.N.bin]

Analysis finished at 21:32:16 EDT on Sun Jul 12 2020
Overall computational time: 0.07 sec.
